<?xml version="1.0" encoding="UTF-8"?>
<testsuite xmlns:xsi="http://www.w3.org/2001/XMLSchema-instance" xsi:noNamespaceSchemaLocation="https://maven.apache.org/surefire/maven-surefire-plugin/xsd/surefire-test-report-3.0.xsd" version="3.0" name="cucumber.Options.TestRunner" time="7.139" tests="2" errors="0" skipped="0" failures="0">
  <properties>
[...]
</properties>
  <testcase name=": Verify if place is being Successfully added using AddPlaceAPI" classname="Validatig Place API&apos;s" time="4.747">
    <system-out><![CDATA[/maps/api/place/add/json
{
    "status": "OK",
    "place_id": "53383b6050bc671fd59157bc4a9017fb",
    "scope": "APP",
    "reference": "19e22148a892fd90006fd406fa94f4c719e22148a892fd90006fd406fa94f4c7",
    "id": "19e22148a892fd90006fd406fa94f4c7"
}
OK
Add
APP
Add
/maps/api/place/get/json
Get
]]></system-out>
  </testcase>
  <testcase name="Verify if Delete place fuctionality is working" classname="Validatig Place API&apos;s" time="1.944">
    <system-out><![CDATA[Before
Delete
/maps/api/place/delete/json
{
    "status": "OK"
}
OK
Add
After
]]></system-out>
  </testcase>
</testsuite>